<?xml version="1.0" encoding="UTF-8"?>
<!-- Generated by org.testng.reporters.JUnitReportReporter -->
<testsuite hostname="hp-PC" name="ConnectTest.DataPRO" tests="2" failures="0" timestamp="18 Sep 2019 05:00:19 GMT" time="0.016" errors="0">
  <testcase name="f" time="0.016" classname="ConnectTest.DataPRO"/>
  <testcase name="f" time="0.000" classname="ConnectTest.DataPRO"/>
</testsuite> <!-- ConnectTest.DataPRO -->
