<?xml version="1.0" encoding="UTF-8"?>
<!-- Generated by org.testng.reporters.JUnitReportReporter -->
<testsuite hostname="hp-PC" name="ConnectTest.VarunTest" tests="1" failures="0" timestamp="19 Sep 2019 05:57:28 GMT" time="2.270" errors="0">
  <testcase name="loginConn" time="2.270" classname="ConnectTest.VarunTest"/>
</testsuite> <!-- ConnectTest.VarunTest -->
